DEBUG:celery.utils.functional:
def chain(*args, **kwargs):
    return 1

DEBUG:celery.utils.functional:
def xstarmap(task, it):
    return 1

DEBUG:celery.utils.functional:
def accumulate(self, *args, **kwargs):
    return 1

DEBUG:celery.utils.functional:
def chord(self, header, body, partial_args=0, interval=1, countdown=2, max_retries=3, eager=4, **kwargs):
    return 1

DEBUG:celery.utils.functional:
def chunks(task, it, n):
    return 1

DEBUG:celery.utils.functional:
def process_trade_ids_in_background(self, owner_id):
    return 1

DEBUG:celery.utils.functional:
def unlock_chord(self, group_id, callback, interval=0, max_retries=1, result=2, Result=3, GroupResult=4, result_from_tuple=5, **kwargs):
    return 1

DEBUG:celery.utils.functional:
def process_csv_file_async(owner_id, file_name_entry_id, csv_content, exchange):
    return 1

DEBUG:celery.utils.functional:
def process_asset_in_background(self, owner_id, asset_name):
    return 1

DEBUG:celery.utils.functional:
def group(self, tasks, result, group_id, partial_args, add_to_parent=0):
    return 1

DEBUG:celery.utils.functional:
def xmap(task, it):
    return 1

DEBUG:celery.utils.functional:
def backend_cleanup():
    return 1

 
 -------------- celery@ryf3-dojiliteapiv2-guxcl9a7ol1 v5.4.0 (opalescent)
--- ***** ----- 
-- ******* ---- Linux-6.1.91-060191-generic-x86_64-with-glibc2.35 2024-10-08 14:18:48
- *** --- * --- 
- ** ---------- [config]
- ** ---------- .> app:         doji_lite_api_v2:0x7f1e4451cd70
- ** ---------- .> transport:   redis://:**@redis-17439.c1.eu-west-1-3.ec2.redns.redis-cloud.com:17439/0
- ** ---------- .> results:     disabled://
- *** --- * --- .> concurrency: 16 (prefork)
-- ******* ---- .> task events: ON
--- ***** ----- 
 -------------- [queues]
                .> celery           exchange=celery(direct) key=celery
                

[tasks]
  . upload_csv.tasks.process_asset_in_background
  . upload_csv.tasks.process_csv_file_async
  . upload_csv.tasks.process_trade_ids_in_background

[2024-10-08 14:18:49,603: INFO/MainProcess] Connected to redis://:**@redis-17439.c1.eu-west-1-3.ec2.redns.redis-cloud.com:17439/0
[2024-10-08 14:18:49,709: INFO/MainProcess] mingle: searching for neighbors
[2024-10-08 14:18:51,061: INFO/MainProcess] mingle: sync with 1 nodes
[2024-10-08 14:18:51,061: INFO/MainProcess] mingle: sync complete
[2024-10-08 14:18:51,656: INFO/MainProcess] celery@ryf3-dojiliteapiv2-guxcl9a7ol1 ready.
[2024-10-08 14:26:47,605: INFO/MainProcess] sync with celery@5227e880-16db-4cc1-9f7c-a6bc7b6cdb32
